<?xml version="1.0" ?>
<testsuite errors="1" failures="0" name="SignUp.test_signUp.SignUpTest-20160323124056" tests="1" time="24.324">
	<testcase classname="SignUp.test_signUp.SignUpTest" name="test_register_scenarios" time="24.324">
		<error message="Tour view not displayed" type="Exception">
<![CDATA[Traceback (most recent call last):
  File "D:\Automation\GitHub\Qus-Android\SignUp\test_signUp.py", line 50, in setUp
    sUp.check_tour(self)
  File "D:\Automation\GitHub\Qus-Android\libs\signUpQus.py", line 40, in check_tour
    raise Exception('Tour view not displayed')
Exception: Tour view not displayed
]]>		</error>
	</testcase>
	<system-out>
<![CDATA[Appium started
Appium started
Appium started
]]>	</system-out>
	<system-err>
<![CDATA[]]>	</system-err>
</testsuite>
