<?xml version="1.0" ?>
<testsuite errors="1" failures="0" name="SignIn.test_signIn.signInTest-20160323124056" tests="1" time="32.495">
	<testcase classname="SignIn.test_signIn.signInTest" name="test_signIn_scenarios" time="32.495">
		<error message="Message: An element could not be located on the page using the given search parameters.
" type="NoSuchElementException">
<![CDATA[Traceback (most recent call last):
  File "D:\Automation\GitHub\Qus-Android\SignIn\test_signIn.py", line 43, in test_signIn_scenarios
    sIn.signIn(self, signInDetailsNoCredentials)
  File "D:\Automation\GitHub\Qus-Android\libs\signInQus.py", line 8, in signIn
    h.find_and_clear_field(self, loc.sign_in_email)
  File "D:\Automation\GitHub\Qus-Android\libs\helpers.py", line 36, in find_and_clear_field
    self.driver.find_element_by_id(element_id).click()
  File "C:\Program Files (x86)\Python35-32\lib\site-packages\selenium\webdriver\remote\webelement.py", line 74, in click
    self._execute(Command.CLICK_ELEMENT)
  File "C:\Program Files (x86)\Python35-32\lib\site-packages\selenium\webdriver\remote\webelement.py", line 457, in _execute
    return self._parent.execute(command, params)
  File "C:\Program Files (x86)\Python35-32\lib\site-packages\selenium\webdriver\remote\webdriver.py", line 233, in execute
    self.error_handler.check_response(response)
  File "C:\Program Files (x86)\Python35-32\lib\site-packages\appium_python_client-0.20-py3.5.egg\appium\webdriver\errorhandler.py", line 29, in check_response
    raise wde
  File "C:\Program Files (x86)\Python35-32\lib\site-packages\appium_python_client-0.20-py3.5.egg\appium\webdriver\errorhandler.py", line 24, in check_response
    super(MobileErrorHandler, self).check_response(response)
  File "C:\Program Files (x86)\Python35-32\lib\site-packages\selenium\webdriver\remote\errorhandler.py", line 194, in check_response
    raise exception_class(message, screen, stacktrace)
selenium.common.exceptions.NoSuchElementException: Message: An element could not be located on the page using the given search parameters.

]]>		</error>
	</testcase>
	<system-out>
<![CDATA[Appium started
Appium started
Appium started
]]>	</system-out>
	<system-err>
<![CDATA[]]>	</system-err>
</testsuite>
